ARM GAS  /tmp/ccA9aPzZ.s 			page 1


   1              		.cpu cortex-m3
   2              		.arch armv7-m
   3              		.fpu softvfp
   4              		.eabi_attribute 20, 1
   5              		.eabi_attribute 21, 1
   6              		.eabi_attribute 23, 3
   7              		.eabi_attribute 24, 1
   8              		.eabi_attribute 25, 1
   9              		.eabi_attribute 26, 1
  10              		.eabi_attribute 30, 6
  11              		.eabi_attribute 34, 1
  12              		.eabi_attribute 18, 4
  13              		.file	"stm32f1xx_hal_msp.c"
  14              		.text
  15              	.Ltext0:
  16              		.cfi_sections	.debug_frame
  17              		.section	.text.HAL_MspInit,"ax",%progbits
  18              		.align	1
  19              		.global	HAL_MspInit
  20              		.syntax unified
  21              		.thumb
  22              		.thumb_func
  24              	HAL_MspInit:
  25              	.LFB65:
  26              		.file 1 "./Core/Src/stm32f1xx_hal_msp.c"
   1:./Core/Src/stm32f1xx_hal_msp.c **** /* USER CODE BEGIN Header */
   2:./Core/Src/stm32f1xx_hal_msp.c **** /**
   3:./Core/Src/stm32f1xx_hal_msp.c ****   ******************************************************************************
   4:./Core/Src/stm32f1xx_hal_msp.c ****   * @file         stm32f1xx_hal_msp.c
   5:./Core/Src/stm32f1xx_hal_msp.c ****   * @brief        This file provides code for the MSP Initialization
   6:./Core/Src/stm32f1xx_hal_msp.c ****   *               and de-Initialization codes.
   7:./Core/Src/stm32f1xx_hal_msp.c ****   ******************************************************************************
   8:./Core/Src/stm32f1xx_hal_msp.c ****   * @attention
   9:./Core/Src/stm32f1xx_hal_msp.c ****   *
  10:./Core/Src/stm32f1xx_hal_msp.c ****   * Copyright (c) 2022 STMicroelectronics.
  11:./Core/Src/stm32f1xx_hal_msp.c ****   * All rights reserved.
  12:./Core/Src/stm32f1xx_hal_msp.c ****   *
  13:./Core/Src/stm32f1xx_hal_msp.c ****   * This software is licensed under terms that can be found in the LICENSE file
  14:./Core/Src/stm32f1xx_hal_msp.c ****   * in the root directory of this software component.
  15:./Core/Src/stm32f1xx_hal_msp.c ****   * If no LICENSE file comes with this software, it is provided AS-IS.
  16:./Core/Src/stm32f1xx_hal_msp.c ****   *
  17:./Core/Src/stm32f1xx_hal_msp.c ****   ******************************************************************************
  18:./Core/Src/stm32f1xx_hal_msp.c ****   */
  19:./Core/Src/stm32f1xx_hal_msp.c **** /* USER CODE END Header */
  20:./Core/Src/stm32f1xx_hal_msp.c **** 
  21:./Core/Src/stm32f1xx_hal_msp.c **** /* Includes ------------------------------------------------------------------*/
  22:./Core/Src/stm32f1xx_hal_msp.c **** #include "main.h"
  23:./Core/Src/stm32f1xx_hal_msp.c **** /* USER CODE BEGIN Includes */
  24:./Core/Src/stm32f1xx_hal_msp.c **** 
  25:./Core/Src/stm32f1xx_hal_msp.c **** /* USER CODE END Includes */
  26:./Core/Src/stm32f1xx_hal_msp.c **** 
  27:./Core/Src/stm32f1xx_hal_msp.c **** /* Private typedef -----------------------------------------------------------*/
  28:./Core/Src/stm32f1xx_hal_msp.c **** /* USER CODE BEGIN TD */
  29:./Core/Src/stm32f1xx_hal_msp.c **** 
  30:./Core/Src/stm32f1xx_hal_msp.c **** /* USER CODE END TD */
  31:./Core/Src/stm32f1xx_hal_msp.c **** 
  32:./Core/Src/stm32f1xx_hal_msp.c **** /* Private define ------------------------------------------------------------*/
ARM GAS  /tmp/ccA9aPzZ.s 			page 2


  33:./Core/Src/stm32f1xx_hal_msp.c **** /* USER CODE BEGIN Define */
  34:./Core/Src/stm32f1xx_hal_msp.c **** 
  35:./Core/Src/stm32f1xx_hal_msp.c **** /* USER CODE END Define */
  36:./Core/Src/stm32f1xx_hal_msp.c **** 
  37:./Core/Src/stm32f1xx_hal_msp.c **** /* Private macro -------------------------------------------------------------*/
  38:./Core/Src/stm32f1xx_hal_msp.c **** /* USER CODE BEGIN Macro */
  39:./Core/Src/stm32f1xx_hal_msp.c **** 
  40:./Core/Src/stm32f1xx_hal_msp.c **** /* USER CODE END Macro */
  41:./Core/Src/stm32f1xx_hal_msp.c **** 
  42:./Core/Src/stm32f1xx_hal_msp.c **** /* Private variables ---------------------------------------------------------*/
  43:./Core/Src/stm32f1xx_hal_msp.c **** /* USER CODE BEGIN PV */
  44:./Core/Src/stm32f1xx_hal_msp.c **** 
  45:./Core/Src/stm32f1xx_hal_msp.c **** /* USER CODE END PV */
  46:./Core/Src/stm32f1xx_hal_msp.c **** 
  47:./Core/Src/stm32f1xx_hal_msp.c **** /* Private function prototypes -----------------------------------------------*/
  48:./Core/Src/stm32f1xx_hal_msp.c **** /* USER CODE BEGIN PFP */
  49:./Core/Src/stm32f1xx_hal_msp.c **** 
  50:./Core/Src/stm32f1xx_hal_msp.c **** /* USER CODE END PFP */
  51:./Core/Src/stm32f1xx_hal_msp.c **** 
  52:./Core/Src/stm32f1xx_hal_msp.c **** /* External functions --------------------------------------------------------*/
  53:./Core/Src/stm32f1xx_hal_msp.c **** /* USER CODE BEGIN ExternalFunctions */
  54:./Core/Src/stm32f1xx_hal_msp.c **** 
  55:./Core/Src/stm32f1xx_hal_msp.c **** /* USER CODE END ExternalFunctions */
  56:./Core/Src/stm32f1xx_hal_msp.c **** 
  57:./Core/Src/stm32f1xx_hal_msp.c **** /* USER CODE BEGIN 0 */
  58:./Core/Src/stm32f1xx_hal_msp.c **** 
  59:./Core/Src/stm32f1xx_hal_msp.c **** /* USER CODE END 0 */
  60:./Core/Src/stm32f1xx_hal_msp.c **** /**
  61:./Core/Src/stm32f1xx_hal_msp.c ****   * Initializes the Global MSP.
  62:./Core/Src/stm32f1xx_hal_msp.c ****   */
  63:./Core/Src/stm32f1xx_hal_msp.c **** void HAL_MspInit(void)
  64:./Core/Src/stm32f1xx_hal_msp.c **** {
  27              		.loc 1 64 1
  28              		.cfi_startproc
  29              		@ args = 0, pretend = 0, frame = 8
  30              		@ frame_needed = 1, uses_anonymous_args = 0
  31              		@ link register save eliminated.
  32 0000 80B4     		push	{r7}
  33              		.cfi_def_cfa_offset 4
  34              		.cfi_offset 7, -4
  35 0002 83B0     		sub	sp, sp, #12
  36              		.cfi_def_cfa_offset 16
  37 0004 00AF     		add	r7, sp, #0
  38              		.cfi_def_cfa_register 7
  39              	.LBB2:
  65:./Core/Src/stm32f1xx_hal_msp.c ****   /* USER CODE BEGIN MspInit 0 */
  66:./Core/Src/stm32f1xx_hal_msp.c **** 
  67:./Core/Src/stm32f1xx_hal_msp.c ****   /* USER CODE END MspInit 0 */
  68:./Core/Src/stm32f1xx_hal_msp.c **** 
  69:./Core/Src/stm32f1xx_hal_msp.c ****   __HAL_RCC_AFIO_CLK_ENABLE();
  40              		.loc 1 69 3
  41 0006 0E4B     		ldr	r3, .L2
  42 0008 9B69     		ldr	r3, [r3, #24]
  43 000a 0D4A     		ldr	r2, .L2
  44 000c 43F00103 		orr	r3, r3, #1
  45 0010 9361     		str	r3, [r2, #24]
  46 0012 0B4B     		ldr	r3, .L2
ARM GAS  /tmp/ccA9aPzZ.s 			page 3


  47 0014 9B69     		ldr	r3, [r3, #24]
  48 0016 03F00103 		and	r3, r3, #1
  49 001a 7B60     		str	r3, [r7, #4]
  50 001c 7B68     		ldr	r3, [r7, #4]
  51              	.LBE2:
  52              	.LBB3:
  70:./Core/Src/stm32f1xx_hal_msp.c ****   __HAL_RCC_PWR_CLK_ENABLE();
  53              		.loc 1 70 3
  54 001e 084B     		ldr	r3, .L2
  55 0020 DB69     		ldr	r3, [r3, #28]
  56 0022 074A     		ldr	r2, .L2
  57 0024 43F08053 		orr	r3, r3, #268435456
  58 0028 D361     		str	r3, [r2, #28]
  59 002a 054B     		ldr	r3, .L2
  60 002c DB69     		ldr	r3, [r3, #28]
  61 002e 03F08053 		and	r3, r3, #268435456
  62 0032 3B60     		str	r3, [r7]
  63 0034 3B68     		ldr	r3, [r7]
  64              	.LBE3:
  71:./Core/Src/stm32f1xx_hal_msp.c **** 
  72:./Core/Src/stm32f1xx_hal_msp.c ****   /* System interrupt init*/
  73:./Core/Src/stm32f1xx_hal_msp.c **** 
  74:./Core/Src/stm32f1xx_hal_msp.c ****   /* USER CODE BEGIN MspInit 1 */
  75:./Core/Src/stm32f1xx_hal_msp.c **** 
  76:./Core/Src/stm32f1xx_hal_msp.c ****   /* USER CODE END MspInit 1 */
  77:./Core/Src/stm32f1xx_hal_msp.c **** }
  65              		.loc 1 77 1
  66 0036 00BF     		nop
  67 0038 0C37     		adds	r7, r7, #12
  68              		.cfi_def_cfa_offset 4
  69 003a BD46     		mov	sp, r7
  70              		.cfi_def_cfa_register 13
  71              		@ sp needed
  72 003c 80BC     		pop	{r7}
  73              		.cfi_restore 7
  74              		.cfi_def_cfa_offset 0
  75 003e 7047     		bx	lr
  76              	.L3:
  77              		.align	2
  78              	.L2:
  79 0040 00100240 		.word	1073876992
  80              		.cfi_endproc
  81              	.LFE65:
  83              		.text
  84              	.Letext0:
  85              		.file 2 "/opt/st/stm32cubeide_1.10.1/plugins/com.st.stm32cube.ide.mcu.externaltools.gnu-tools-for-
  86              		.file 3 "/opt/st/stm32cubeide_1.10.1/plugins/com.st.stm32cube.ide.mcu.externaltools.gnu-tools-for-
  87              		.file 4 "Drivers/CMSIS/Device/ST/STM32F1xx/Include/stm32f103xb.h"
ARM GAS  /tmp/ccA9aPzZ.s 			page 4


DEFINED SYMBOLS
                            *ABS*:0000000000000000 stm32f1xx_hal_msp.c
     /tmp/ccA9aPzZ.s:18     .text.HAL_MspInit:0000000000000000 $t
     /tmp/ccA9aPzZ.s:24     .text.HAL_MspInit:0000000000000000 HAL_MspInit
     /tmp/ccA9aPzZ.s:79     .text.HAL_MspInit:0000000000000040 $d
                           .group:0000000000000000 wm4.0.cb5f01749778df26340c4505df3d34d0
                           .group:0000000000000000 wm4.stm32f1xx_hal_conf.h.22.c006576afe7c07c6186e6885bb69b4f6
                           .group:0000000000000000 wm4.stm32f1xx.h.39.208bb8a61c892b7c37d899c49a031330
                           .group:0000000000000000 wm4.stm32f103xb.h.38.ec967d5ad9d3269cb0788eebda048e38
                           .group:0000000000000000 wm4._newlib_version.h.4.bfdf54b0af045d4a71376ae00f63a22c
                           .group:0000000000000000 wm4.features.h.33.318b64d71e0957639cfb30f1db1f7ec8
                           .group:0000000000000000 wm4._default_types.h.15.247e5cd201eca3442cbf5404108c4935
                           .group:0000000000000000 wm4._intsup.h.10.48bafbb683905c4daa4565a85aeeb264
                           .group:0000000000000000 wm4._stdint.h.10.c24fa3af3bc1706662bb5593a907e841
                           .group:0000000000000000 wm4.stdint.h.23.d53047a68f4a85177f80b422d52785ed
                           .group:0000000000000000 wm4.cmsis_version.h.32.4d5822004c01a829a975260e854b5f8e
                           .group:0000000000000000 wm4.core_cm3.h.66.fc46cac19810db8f98d67da7ef88f42c
                           .group:0000000000000000 wm4.cmsis_gcc.h.26.4f5798e999d5690b80e6ded3ecc94b37
                           .group:0000000000000000 wm4.core_cm3.h.127.f4474120f1a7524deb56f9d74ff175da
                           .group:0000000000000000 wm4.stm32f103xb.h.573.10249aa7473ca93be896fed94046a725
                           .group:0000000000000000 wm4.stm32f1xx.h.162.96b09079a093c34dbd7f0b85cbd0ddee
                           .group:0000000000000000 wm4.stm32_hal_legacy.h.23.91ba5b544a4c2be2620a1e7ff0049e10
                           .group:0000000000000000 wm4.stddef.h.39.144cf5ddcd53cbfdac30259dc1a6c87f
                           .group:0000000000000000 wm4.stm32f1xx_hal_def.h.57.18d01ce1aa74e9fb44dbf16f821a574a
                           .group:0000000000000000 wm4.stm32f1xx_hal_rcc.h.95.21591bbc513aaa813c0b8640c3b32517
                           .group:0000000000000000 wm4.stm32f1xx_hal_rcc_ex.h.22.8763f99bc1e3e2dcf0febe9161d81b37
                           .group:0000000000000000 wm4.stm32f1xx_hal_rcc.h.1202.f8e5f9e0cf4eef7840facf5396029056
                           .group:0000000000000000 wm4.stm32f1xx_hal_gpio.h.22.fa638d688dcc57ca806fe6a7831b0d04
                           .group:0000000000000000 wm4.stm32f1xx_hal_gpio_ex.h.22.51a50ef3512cd78017ce666a32d364bf
                           .group:0000000000000000 wm4.stm32f1xx_hal_gpio.h.263.f5ebf2f545ade59412ab9261c8e35dc4
                           .group:0000000000000000 wm4.stm32f1xx_hal_exti.h.22.e26491d042c8079c3ca67eca341af862
                           .group:0000000000000000 wm4.stm32f1xx_hal_dma.h.22.3c14338534886827bf3aeaa2a7f412a1
                           .group:0000000000000000 wm4.stm32f1xx_hal_dma_ex.h.22.001ac4d7f81ccbdcae49bd65c13858c8
                           .group:0000000000000000 wm4.stm32f1xx_hal_dma.h.409.cafcd2cfe701091535636be537c18293
                           .group:0000000000000000 wm4.stm32f1xx_hal_cortex.h.22.b5f4174bb6a50d95405567b8f50e0900
                           .group:0000000000000000 wm4.stm32f1xx_hal_flash.h.22.5cea9a7210e6315b41724b47b5fdf203
                           .group:0000000000000000 wm4.stm32f1xx_hal_flash_ex.h.22.d4e19c21f2a86fa2f8ec2c2d5f1ab2af
                           .group:0000000000000000 wm4.stm32f1xx_hal_pwr.h.22.3438c476faafc3240bf146f143df3fcd
                           .group:0000000000000000 wm4.stm32f1xx_hal.h.88.91065c0692bed6019c34f1e9c00589fd

NO UNDEFINED SYMBOLS
